New log file opened at Tue Dec 27 11:03:18 IST 2016 by 7912@NTZ-Kartikraina
Taking next connection to: 50426
New client attempting to connect on port: 50427-50426
  Address = /192.168.11.85:50426
This client on port 50427 has uuid 14ba44f4-d985-4b63-be0b-98d3b09c7125 configName activator humanReadableName Activator protocolVersion 3 featureTags Vector()
Connected Clients: activator-14ba44f4-d985-4b63-be0b-98d3b09c7125
Taking next connection to: 50426
Checking to see if clients are empty...
We have 1 non-daemon clients, continuing serving connections.
Taking next connection to: 50426
Checking to see if clients are empty...
We have 1 non-daemon clients, continuing serving connections.
Taking next connection to: 50426
Checking to see if clients are empty...
We have 1 non-daemon clients, continuing serving connections.
Taking next connection to: 50426
Checking to see if clients are empty...
We have 1 non-daemon clients, continuing serving connections.
Taking next connection to: 50426
Checking to see if clients are empty...
We have 1 non-daemon clients, continuing serving connections.
Taking next connection to: 50426
Checking to see if clients are empty...
We have 1 non-daemon clients, continuing serving connections.
Taking next connection to: 50426
Checking to see if clients are empty...
We have 1 non-daemon clients, continuing serving connections.
Taking next connection to: 50426
Checking to see if clients are empty...
We have 1 non-daemon clients, continuing serving connections.
Taking next connection to: 50426
Checking to see if clients are empty...
We have 1 non-daemon clients, continuing serving connections.
Taking next connection to: 50426
Checking to see if clients are empty...
We have 1 non-daemon clients, continuing serving connections.
Taking next connection to: 50426
Checking to see if clients are empty...
We have 1 non-daemon clients, continuing serving connections.
Taking next connection to: 50426
